<?xml version="1.0" encoding="UTF-8"?>
<testsuite name="com.example.chitu.ChituApplicationTests" tests="1" skipped="0" failures="0" errors="0" timestamp="2026-07-23T13:39:56.947Z" hostname="TANGZ的PC" time="6.242">
  <properties/>
  <testcase name="contextLoads()" classname="com.example.chitu.ChituApplicationTests" time="0.875"/>
  <system-out><![CDATA[21:39:57.130 [Test worker] INFO org.springframework.test.context.support.AnnotationConfigContextLoaderUtils -- Could not detect default configuration classes for test class [com.example.chitu.ChituApplicationTests]: ChituApplicationTests does not declare any static, non-private, non-final, nested classes annotated with @Configuration.
21:39:57.285 [Test worker] INFO org.springframework.boot.test.context.SpringBootTestContextBootstrapper -- Found @SpringBootConfiguration com.example.chitu.ChituApplication for test class com.example.chitu.ChituApplicationTests

  .   ____          _            __ _ _
 /\\ / ___'_ __ _ _(_)_ __  __ _ \ \ \ \
( ( )\___ | '_ | '_| | '_ \/ _` | \ \ \ \
 \\/  ___)| |_)| | | | | || (_| |  ) ) ) )
  '  |____| .__|_| |_|_| |_\__, | / / / /
 =========|_|==============|___/=/_/_/_/

 :: Spring Boot ::                (v3.4.4)

2026-07-23T21:39:57.800+08:00  INFO 18696 --- [chitu] [    Test worker] c.example.chitu.ChituApplicationTests    : Starting ChituApplicationTests using Java 17.0.19 with PID 18696 (started by 29947 in D:\Android_Project\chitu-backend)
2026-07-23T21:39:57.802+08:00  INFO 18696 --- [chitu] [    Test worker] c.example.chitu.ChituApplicationTests    : No active profile set, falling back to 1 default profile: "default"
Logging initialized using 'class org.apache.ibatis.logging.stdout.StdOutImpl' adapter.
Initialization Sequence datacenterId:14 workerId:9
 _ _   |_  _ _|_. ___ _ |    _ 
| | |\/|_)(_| | |_\  |_)||_|_\ 
     /               |         
                        3.5.5 
2026-07-23T21:40:02.266+08:00  INFO 18696 --- [chitu] [    Test worker] c.example.chitu.ChituApplicationTests    : Started ChituApplicationTests in 4.799 seconds (process running for 6.442)
2026-07-23T21:40:02.281+08:00  WARN 18696 --- [chitu] [    Test worker] o.s.core.events.SpringDocAppInitializer  : SpringDoc /v3/api-docs endpoint is enabled by default. To disable it in production, set the property 'springdoc.api-docs.enabled=false'
2026-07-23T21:40:02.287+08:00  WARN 18696 --- [chitu] [    Test worker] o.s.core.events.SpringDocAppInitializer  : SpringDoc /swagger-ui.html endpoint is enabled by default. To disable it in production, set the property 'springdoc.swagger-ui.enabled=false'
]]></system-out>
  <system-err><![CDATA[]]></system-err>
</testsuite>
